mode: set
github.com/Maximumsoft-Co-LTD/maan-go/main.go:45.69,47.2 1 0
github.com/Maximumsoft-Co-LTD/maan-go/main.go:50.65,52.2 1 0
github.com/Maximumsoft-Co-LTD/maan-go/main.go:56.38,56.69 1 0
github.com/Maximumsoft-Co-LTD/maan-go/main.go:59.37,59.67 1 0
github.com/Maximumsoft-Co-LTD/maan-go/main.go:62.39,62.71 1 0
github.com/Maximumsoft-Co-LTD/maan-go/main.go:65.42,65.70 1 0
github.com/Maximumsoft-Co-LTD/maan-go/main.go:68.55,68.91 1 0
github.com/Maximumsoft-Co-LTD/maan-go/main.go:71.61,71.95 1 0
github.com/Maximumsoft-Co-LTD/maan-go/main.go:74.69,76.2 1 0
github.com/Maximumsoft-Co-LTD/maan-go/main.go:84.78,86.2 1 0
github.com/Maximumsoft-Co-LTD/maan-go/main.go:95.98,97.2 1 0
github.com/Maximumsoft-Co-LTD/maan-go/main.go:105.112,107.2 1 0
github.com/Maximumsoft-Co-LTD/maan-go/main.go:115.109,117.2 1 0
github.com/Maximumsoft-Co-LTD/maan-go/main.go:126.109,128.2 1 0
github.com/Maximumsoft-Co-LTD/maan-go/internal/mongo/testutil/assertions.go:13.89,15.42 2 0
github.com/Maximumsoft-Co-LTD/maan-go/internal/mongo/testutil/assertions.go:15.42,17.3 1 0
github.com/Maximumsoft-Co-LTD/maan-go/internal/mongo/testutil/assertions.go:21.92,23.41 2 0
github.com/Maximumsoft-Co-LTD/maan-go/internal/mongo/testutil/assertions.go:23.41,25.3 1 0
github.com/Maximumsoft-Co-LTD/maan-go/internal/mongo/testutil/assertions.go:29.76,31.18 2 0
github.com/Maximumsoft-Co-LTD/maan-go/internal/mongo/testutil/assertions.go:31.18,33.3 1 0
github.com/Maximumsoft-Co-LTD/maan-go/internal/mongo/testutil/assertions.go:37.79,39.18 2 0
github.com/Maximumsoft-Co-LTD/maan-go/internal/mongo/testutil/assertions.go:39.18,41.3 1 0
github.com/Maximumsoft-Co-LTD/maan-go/internal/mongo/testutil/assertions.go:45.72,47.16 2 0
github.com/Maximumsoft-Co-LTD/maan-go/internal/mongo/testutil/assertions.go:47.16,49.3 1 0
github.com/Maximumsoft-Co-LTD/maan-go/internal/mongo/testutil/assertions.go:53.70,55.16 2 0
github.com/Maximumsoft-Co-LTD/maan-go/internal/mongo/testutil/assertions.go:55.16,57.3 1 0
github.com/Maximumsoft-Co-LTD/maan-go/internal/mongo/testutil/assertions.go:61.74,63.16 2 0
github.com/Maximumsoft-Co-LTD/maan-go/internal/mongo/testutil/assertions.go:63.16,65.3 1 0
github.com/Maximumsoft-Co-LTD/maan-go/internal/mongo/testutil/assertions.go:69.75,71.15 2 0
github.com/Maximumsoft-Co-LTD/maan-go/internal/mongo/testutil/assertions.go:71.15,73.3 1 0
github.com/Maximumsoft-Co-LTD/maan-go/internal/mongo/testutil/assertions.go:77.102,80.40 3 0
github.com/Maximumsoft-Co-LTD/maan-go/internal/mongo/testutil/assertions.go:80.40,83.3 2 0
github.com/Maximumsoft-Co-LTD/maan-go/internal/mongo/testutil/assertions.go:85.2,85.40 1 0
github.com/Maximumsoft-Co-LTD/maan-go/internal/mongo/testutil/assertions.go:85.40,86.66 1 0
github.com/Maximumsoft-Co-LTD/maan-go/internal/mongo/testutil/assertions.go:86.66,88.4 1 0
github.com/Maximumsoft-Co-LTD/maan-go/internal/mongo/testutil/assertions.go:90.2,90.100 1 0
github.com/Maximumsoft-Co-LTD/maan-go/internal/mongo/testutil/assertions.go:94.105,97.40 3 0
github.com/Maximumsoft-Co-LTD/maan-go/internal/mongo/testutil/assertions.go:97.40,100.3 2 0
github.com/Maximumsoft-Co-LTD/maan-go/internal/mongo/testutil/assertions.go:102.2,102.40 1 0
github.com/Maximumsoft-Co-LTD/maan-go/internal/mongo/testutil/assertions.go:102.40,103.66 1 0
github.com/Maximumsoft-Co-LTD/maan-go/internal/mongo/testutil/assertions.go:103.66,106.4 2 0
github.com/Maximumsoft-Co-LTD/maan-go/internal/mongo/testutil/assertions.go:111.94,115.30 4 0
github.com/Maximumsoft-Co-LTD/maan-go/internal/mongo/testutil/assertions.go:115.30,117.3 1 0
github.com/Maximumsoft-Co-LTD/maan-go/internal/mongo/testutil/assertions.go:121.91,126.48 4 0
github.com/Maximumsoft-Co-LTD/maan-go/internal/mongo/testutil/assertions.go:126.48,129.3 2 0
github.com/Maximumsoft-Co-LTD/maan-go/internal/mongo/testutil/assertions.go:131.2,131.28 1 0
github.com/Maximumsoft-Co-LTD/maan-go/internal/mongo/testutil/assertions.go:132.78,133.47 1 0
github.com/Maximumsoft-Co-LTD/maan-go/internal/mongo/testutil/assertions.go:133.47,135.4 1 0
github.com/Maximumsoft-Co-LTD/maan-go/internal/mongo/testutil/assertions.go:136.83,137.49 1 0
github.com/Maximumsoft-Co-LTD/maan-go/internal/mongo/testutil/assertions.go:137.49,139.4 1 0
github.com/Maximumsoft-Co-LTD/maan-go/internal/mongo/testutil/assertions.go:140.40,141.51 1 0
github.com/Maximumsoft-Co-LTD/maan-go/internal/mongo/testutil/assertions.go:141.51,143.4 1 0
github.com/Maximumsoft-Co-LTD/maan-go/internal/mongo/testutil/assertions.go:144.10,145.61 1 0
github.com/Maximumsoft-Co-LTD/maan-go/internal/mongo/testutil/assertions.go:150.97,154.57 2 0
github.com/Maximumsoft-Co-LTD/maan-go/internal/mongo/testutil/assertions.go:154.57,155.54 1 0
github.com/Maximumsoft-Co-LTD/maan-go/internal/mongo/testutil/assertions.go:155.54,156.30 1 0
github.com/Maximumsoft-Co-LTD/maan-go/internal/mongo/testutil/assertions.go:156.30,158.5 1 0
github.com/Maximumsoft-Co-LTD/maan-go/internal/mongo/testutil/assertions.go:159.4,159.10 1 0
github.com/Maximumsoft-Co-LTD/maan-go/internal/mongo/testutil/assertions.go:164.2,164.50 1 0
github.com/Maximumsoft-Co-LTD/maan-go/internal/mongo/testutil/assertions.go:164.50,165.47 1 0
github.com/Maximumsoft-Co-LTD/maan-go/internal/mongo/testutil/assertions.go:165.47,167.54 2 0
github.com/Maximumsoft-Co-LTD/maan-go/internal/mongo/testutil/assertions.go:167.54,169.5 1 0
github.com/Maximumsoft-Co-LTD/maan-go/internal/mongo/testutil/assertions.go:170.4,170.10 1 0
github.com/Maximumsoft-Co-LTD/maan-go/internal/mongo/testutil/assertions.go:175.2,175.47 1 0
github.com/Maximumsoft-Co-LTD/maan-go/internal/mongo/testutil/assertions.go:175.47,176.44 1 0
github.com/Maximumsoft-Co-LTD/maan-go/internal/mongo/testutil/assertions.go:176.44,179.4 2 0
github.com/Maximumsoft-Co-LTD/maan-go/internal/mongo/testutil/assertions.go:183.2,183.49 1 0
github.com/Maximumsoft-Co-LTD/maan-go/internal/mongo/testutil/assertions.go:187.88,190.34 2 0
github.com/Maximumsoft-Co-LTD/maan-go/internal/mongo/testutil/assertions.go:190.34,193.3 2 0
github.com/Maximumsoft-Co-LTD/maan-go/internal/mongo/testutil/assertions.go:195.2,195.43 1 0
github.com/Maximumsoft-Co-LTD/maan-go/internal/mongo/testutil/assertions.go:195.43,197.14 2 0
github.com/Maximumsoft-Co-LTD/maan-go/internal/mongo/testutil/assertions.go:197.14,199.12 2 0
github.com/Maximumsoft-Co-LTD/maan-go/internal/mongo/testutil/assertions.go:202.3,202.68 1 0
github.com/Maximumsoft-Co-LTD/maan-go/internal/mongo/testutil/assertions.go:207.90,211.36 4 0
github.com/Maximumsoft-Co-LTD/maan-go/internal/mongo/testutil/assertions.go:211.36,213.3 1 0
github.com/Maximumsoft-Co-LTD/maan-go/internal/mongo/testutil/assertions.go:217.90,219.17 2 0
github.com/Maximumsoft-Co-LTD/maan-go/internal/mongo/testutil/assertions.go:219.17,221.3 1 0
github.com/Maximumsoft-Co-LTD/maan-go/internal/mongo/testutil/assertions.go:225.86,228.40 3 0
github.com/Maximumsoft-Co-LTD/maan-go/internal/mongo/testutil/assertions.go:228.40,231.3 2 0
github.com/Maximumsoft-Co-LTD/maan-go/internal/mongo/testutil/assertions.go:233.2,233.27 1 0
github.com/Maximumsoft-Co-LTD/maan-go/internal/mongo/testutil/assertions.go:233.27,235.3 1 0
github.com/Maximumsoft-Co-LTD/maan-go/internal/mongo/testutil/assertions.go:239.83,242.40 3 0
github.com/Maximumsoft-Co-LTD/maan-go/internal/mongo/testutil/assertions.go:242.40,245.3 2 0
github.com/Maximumsoft-Co-LTD/maan-go/internal/mongo/testutil/assertions.go:247.2,247.27 1 0
github.com/Maximumsoft-Co-LTD/maan-go/internal/mongo/testutil/assertions.go:247.27,249.3 1 0
github.com/Maximumsoft-Co-LTD/maan-go/internal/mongo/testutil/fixtures.go:19.53,26.2 1 0
github.com/Maximumsoft-Co-LTD/maan-go/internal/mongo/testutil/fixtures.go:37.32,44.2 1 0
github.com/Maximumsoft-Co-LTD/maan-go/internal/mongo/testutil/fixtures.go:47.46,55.2 2 0
github.com/Maximumsoft-Co-LTD/maan-go/internal/mongo/testutil/fixtures.go:58.46,72.2 1 0
github.com/Maximumsoft-Co-LTD/maan-go/internal/mongo/testutil/fixtures.go:75.37,77.2 1 0
github.com/Maximumsoft-Co-LTD/maan-go/internal/mongo/testutil/fixtures.go:80.44,82.29 2 0
github.com/Maximumsoft-Co-LTD/maan-go/internal/mongo/testutil/fixtures.go:82.29,89.3 1 0
github.com/Maximumsoft-Co-LTD/maan-go/internal/mongo/testutil/fixtures.go:90.2,90.13 1 0
github.com/Maximumsoft-Co-LTD/maan-go/internal/mongo/testutil/fixtures.go:94.65,96.2 1 0
github.com/Maximumsoft-Co-LTD/maan-go/internal/mongo/testutil/fixtures.go:99.93,101.2 1 0
github.com/Maximumsoft-Co-LTD/maan-go/internal/mongo/testutil/fixtures.go:104.48,108.2 3 0
github.com/Maximumsoft-Co-LTD/maan-go/internal/mongo/testutil/fixtures.go:136.36,138.2 1 0
github.com/Maximumsoft-Co-LTD/maan-go/internal/mongo/testutil/fixtures.go:141.41,143.2 1 0
github.com/Maximumsoft-Co-LTD/maan-go/internal/mongo/testutil/generators.go:31.57,32.19 1 0
github.com/Maximumsoft-Co-LTD/maan-go/internal/mongo/testutil/generators.go:32.19,34.3 1 0
github.com/Maximumsoft-Co-LTD/maan-go/internal/mongo/testutil/generators.go:35.2,35.13 1 0
github.com/Maximumsoft-Co-LTD/maan-go/internal/mongo/testutil/generators.go:38.55,39.26 1 0
github.com/Maximumsoft-Co-LTD/maan-go/internal/mongo/testutil/generators.go:39.26,41.3 1 0
github.com/Maximumsoft-Co-LTD/maan-go/internal/mongo/testutil/generators.go:42.2,42.20 1 0
github.com/Maximumsoft-Co-LTD/maan-go/internal/mongo/testutil/generators.go:45.55,46.26 1 0
github.com/Maximumsoft-Co-LTD/maan-go/internal/mongo/testutil/generators.go:46.26,48.3 1 0
github.com/Maximumsoft-Co-LTD/maan-go/internal/mongo/testutil/generators.go:49.2,49.20 1 0
github.com/Maximumsoft-Co-LTD/maan-go/internal/mongo/testutil/generators.go:66.30,69.50 1 0
github.com/Maximumsoft-Co-LTD/maan-go/internal/mongo/testutil/generators.go:69.50,69.86 1 0
github.com/Maximumsoft-Co-LTD/maan-go/internal/mongo/testutil/generators.go:72.44,79.3 1 0
github.com/Maximumsoft-Co-LTD/maan-go/internal/mongo/testutil/generators.go:83.37,86.50 1 0
github.com/Maximumsoft-Co-LTD/maan-go/internal/mongo/testutil/generators.go:86.50,86.86 1 0
github.com/Maximumsoft-Co-LTD/maan-go/internal/mongo/testutil/generators.go:89.51,96.3 1 0
github.com/Maximumsoft-Co-LTD/maan-go/internal/mongo/testutil/generators.go:100.37,106.51 1 0
github.com/Maximumsoft-Co-LTD/maan-go/internal/mongo/testutil/generators.go:106.51,113.3 1 0
github.com/Maximumsoft-Co-LTD/maan-go/internal/mongo/testutil/generators.go:117.32,121.45 1 0
github.com/Maximumsoft-Co-LTD/maan-go/internal/mongo/testutil/generators.go:121.45,126.3 1 0
github.com/Maximumsoft-Co-LTD/maan-go/internal/mongo/testutil/generators.go:130.31,131.60 1 0
github.com/Maximumsoft-Co-LTD/maan-go/internal/mongo/testutil/generators.go:131.60,133.3 1 0
github.com/Maximumsoft-Co-LTD/maan-go/internal/mongo/testutil/generators.go:137.27,138.82 1 0
github.com/Maximumsoft-Co-LTD/maan-go/internal/mongo/testutil/generators.go:138.82,140.3 1 0
github.com/Maximumsoft-Co-LTD/maan-go/internal/mongo/testutil/generators.go:144.32,146.50 1 0
github.com/Maximumsoft-Co-LTD/maan-go/internal/mongo/testutil/generators.go:146.50,146.86 1 0
github.com/Maximumsoft-Co-LTD/maan-go/internal/mongo/testutil/generators.go:152.52,154.30 2 0
github.com/Maximumsoft-Co-LTD/maan-go/internal/mongo/testutil/generators.go:154.30,155.22 1 0
github.com/Maximumsoft-Co-LTD/maan-go/internal/mongo/testutil/generators.go:155.22,159.5 3 0
github.com/Maximumsoft-Co-LTD/maan-go/internal/mongo/testutil/generators.go:161.3,161.16 1 0
github.com/Maximumsoft-Co-LTD/maan-go/internal/mongo/testutil/generators.go:166.34,168.50 1 0
github.com/Maximumsoft-Co-LTD/maan-go/internal/mongo/testutil/generators.go:168.50,168.86 1 0
github.com/Maximumsoft-Co-LTD/maan-go/internal/mongo/testutil/generators.go:169.39,171.3 1 0
github.com/Maximumsoft-Co-LTD/maan-go/internal/mongo/testutil/generators.go:175.33,184.2 1 0
github.com/Maximumsoft-Co-LTD/maan-go/internal/mongo/testutil/generators.go:187.35,195.42 1 0
github.com/Maximumsoft-Co-LTD/maan-go/internal/mongo/testutil/generators.go:195.42,197.3 1 0
github.com/Maximumsoft-Co-LTD/maan-go/internal/mongo/testutil/generators.go:201.36,204.72 1 0
github.com/Maximumsoft-Co-LTD/maan-go/internal/mongo/testutil/generators.go:204.72,206.4 1 0
github.com/Maximumsoft-Co-LTD/maan-go/internal/mongo/testutil/generators.go:208.72,210.4 1 0
github.com/Maximumsoft-Co-LTD/maan-go/internal/mongo/testutil/generators.go:215.30,223.52 1 0
github.com/Maximumsoft-Co-LTD/maan-go/internal/mongo/testutil/generators.go:223.52,225.4 1 0
github.com/Maximumsoft-Co-LTD/maan-go/internal/mongo/testutil/generators.go:227.58,230.4 2 0
github.com/Maximumsoft-Co-LTD/maan-go/internal/mongo/testutil/generators.go:235.39,236.42 1 0
github.com/Maximumsoft-Co-LTD/maan-go/internal/mongo/testutil/generators.go:236.42,240.3 3 0
github.com/Maximumsoft-Co-LTD/maan-go/internal/mongo/testutil/generators.go:244.42,245.78 1 0
github.com/Maximumsoft-Co-LTD/maan-go/internal/mongo/testutil/generators.go:245.78,247.32 2 0
github.com/Maximumsoft-Co-LTD/maan-go/internal/mongo/testutil/generators.go:247.32,249.4 1 0
github.com/Maximumsoft-Co-LTD/maan-go/internal/mongo/testutil/generators.go:250.3,250.16 1 0
github.com/Maximumsoft-Co-LTD/maan-go/internal/mongo/testutil/generators.go:255.36,258.52 1 0
github.com/Maximumsoft-Co-LTD/maan-go/internal/mongo/testutil/generators.go:258.52,260.4 1 0
github.com/Maximumsoft-Co-LTD/maan-go/internal/mongo/testutil/generators.go:269.51,271.4 1 0
github.com/Maximumsoft-Co-LTD/maan-go/internal/mongo/testutil/generators.go:276.37,277.56 1 0
github.com/Maximumsoft-Co-LTD/maan-go/internal/mongo/testutil/generators.go:277.56,279.3 1 0
github.com/Maximumsoft-Co-LTD/maan-go/internal/mongo/testutil/generators.go:279.31,281.3 1 0
github.com/Maximumsoft-Co-LTD/maan-go/internal/mongo/testutil/generators.go:285.35,286.56 1 0
github.com/Maximumsoft-Co-LTD/maan-go/internal/mongo/testutil/generators.go:286.56,288.3 1 0
github.com/Maximumsoft-Co-LTD/maan-go/internal/mongo/testutil/generators.go:288.31,290.3 1 0
github.com/Maximumsoft-Co-LTD/maan-go/internal/mongo/testutil/generators.go:293.33,294.56 1 0
github.com/Maximumsoft-Co-LTD/maan-go/internal/mongo/testutil/generators.go:294.56,296.3 1 0
github.com/Maximumsoft-Co-LTD/maan-go/internal/mongo/testutil/generators.go:296.31,298.3 1 0
github.com/Maximumsoft-Co-LTD/maan-go/internal/mongo/testutil/generators.go:302.35,303.56 1 0
github.com/Maximumsoft-Co-LTD/maan-go/internal/mongo/testutil/generators.go:303.56,305.3 1 0
github.com/Maximumsoft-Co-LTD/maan-go/internal/mongo/testutil/generators.go:305.31,307.3 1 0
github.com/Maximumsoft-Co-LTD/maan-go/internal/mongo/testutil/generators.go:311.35,312.75 1 0
github.com/Maximumsoft-Co-LTD/maan-go/internal/mongo/testutil/generators.go:312.75,314.3 1 0
github.com/Maximumsoft-Co-LTD/maan-go/internal/mongo/testutil/generators.go:318.41,322.58 1 0
github.com/Maximumsoft-Co-LTD/maan-go/internal/mongo/testutil/generators.go:322.58,327.3 1 0
github.com/Maximumsoft-Co-LTD/maan-go/internal/mongo/testutil/generators.go:331.35,332.56 1 0
github.com/Maximumsoft-Co-LTD/maan-go/internal/mongo/testutil/generators.go:332.56,334.3 1 0
github.com/Maximumsoft-Co-LTD/maan-go/internal/mongo/testutil/generators.go:334.31,336.3 1 0
github.com/Maximumsoft-Co-LTD/maan-go/internal/mongo/testutil/generators.go:340.34,341.56 1 0
github.com/Maximumsoft-Co-LTD/maan-go/internal/mongo/testutil/generators.go:341.56,343.3 1 0
github.com/Maximumsoft-Co-LTD/maan-go/internal/mongo/aggegate.go:24.109,31.2 1 1
github.com/Maximumsoft-Co-LTD/maan-go/internal/mongo/aggegate.go:33.43,35.2 1 1
github.com/Maximumsoft-Co-LTD/maan-go/internal/mongo/aggegate.go:37.44,41.2 3 1
github.com/Maximumsoft-Co-LTD/maan-go/internal/mongo/aggegate.go:42.44,46.2 3 1
github.com/Maximumsoft-Co-LTD/maan-go/internal/mongo/aggegate.go:47.66,51.2 3 1
github.com/Maximumsoft-Co-LTD/maan-go/internal/mongo/aggegate.go:53.41,54.16 1 1
github.com/Maximumsoft-Co-LTD/maan-go/internal/mongo/aggegate.go:54.16,56.3 1 1
github.com/Maximumsoft-Co-LTD/maan-go/internal/mongo/aggegate.go:57.2,58.16 2 1
github.com/Maximumsoft-Co-LTD/maan-go/internal/mongo/aggegate.go:58.16,60.3 1 1
github.com/Maximumsoft-Co-LTD/maan-go/internal/mongo/aggegate.go:61.2,62.12 2 0
github.com/Maximumsoft-Co-LTD/maan-go/internal/mongo/aggegate.go:65.37,68.16 3 1
github.com/Maximumsoft-Co-LTD/maan-go/internal/mongo/aggegate.go:68.16,70.3 1 1
github.com/Maximumsoft-Co-LTD/maan-go/internal/mongo/aggegate.go:71.2,72.27 2 0
github.com/Maximumsoft-Co-LTD/maan-go/internal/mongo/aggegate.go:72.27,74.40 2 0
github.com/Maximumsoft-Co-LTD/maan-go/internal/mongo/aggegate.go:74.40,76.4 1 0
github.com/Maximumsoft-Co-LTD/maan-go/internal/mongo/aggegate.go:77.3,77.23 1 0
github.com/Maximumsoft-Co-LTD/maan-go/internal/mongo/aggegate.go:79.2,79.34 1 0
github.com/Maximumsoft-Co-LTD/maan-go/internal/mongo/aggegate.go:79.34,81.3 1 0
github.com/Maximumsoft-Co-LTD/maan-go/internal/mongo/aggegate.go:82.2,82.17 1 0
github.com/Maximumsoft-Co-LTD/maan-go/internal/mongo/aggegate.go:85.42,88.16 3 1
github.com/Maximumsoft-Co-LTD/maan-go/internal/mongo/aggegate.go:88.16,90.3 1 1
github.com/Maximumsoft-Co-LTD/maan-go/internal/mongo/aggegate.go:91.2,92.27 2 0
github.com/Maximumsoft-Co-LTD/maan-go/internal/mongo/aggegate.go:92.27,94.40 2 0
github.com/Maximumsoft-Co-LTD/maan-go/internal/mongo/aggegate.go:94.40,96.4 1 0
github.com/Maximumsoft-Co-LTD/maan-go/internal/mongo/aggegate.go:97.3,97.23 1 0
github.com/Maximumsoft-Co-LTD/maan-go/internal/mongo/aggegate.go:99.2,99.34 1 0
github.com/Maximumsoft-Co-LTD/maan-go/internal/mongo/aggegate.go:99.34,101.3 1 0
github.com/Maximumsoft-Co-LTD/maan-go/internal/mongo/aggegate.go:102.2,102.17 1 0
github.com/Maximumsoft-Co-LTD/maan-go/internal/mongo/aggegate.go:105.74,107.16 2 1
github.com/Maximumsoft-Co-LTD/maan-go/internal/mongo/aggegate.go:107.16,109.3 1 1
github.com/Maximumsoft-Co-LTD/maan-go/internal/mongo/aggegate.go:110.2,111.27 2 0
github.com/Maximumsoft-Co-LTD/maan-go/internal/mongo/aggegate.go:111.27,113.40 2 0
github.com/Maximumsoft-Co-LTD/maan-go/internal/mongo/aggegate.go:113.40,115.4 1 0
github.com/Maximumsoft-Co-LTD/maan-go/internal/mongo/aggegate.go:116.3,116.43 1 0
github.com/Maximumsoft-Co-LTD/maan-go/internal/mongo/aggegate.go:116.43,118.4 1 0
github.com/Maximumsoft-Co-LTD/maan-go/internal/mongo/aggegate.go:120.2,120.18 1 0
github.com/Maximumsoft-Co-LTD/maan-go/internal/mongo/aggegate.go:123.72,123.95 1 1
github.com/Maximumsoft-Co-LTD/maan-go/internal/mongo/aggegate.go:125.82,127.16 2 0
github.com/Maximumsoft-Co-LTD/maan-go/internal/mongo/aggegate.go:127.16,129.3 1 0
github.com/Maximumsoft-Co-LTD/maan-go/internal/mongo/aggegate.go:130.2,131.27 2 0
github.com/Maximumsoft-Co-LTD/maan-go/internal/mongo/aggegate.go:131.27,133.40 2 0
github.com/Maximumsoft-Co-LTD/maan-go/internal/mongo/aggegate.go:133.40,135.4 1 0
github.com/Maximumsoft-Co-LTD/maan-go/internal/mongo/aggegate.go:136.3,136.43 1 0
github.com/Maximumsoft-Co-LTD/maan-go/internal/mongo/aggegate.go:136.43,138.4 1 0
github.com/Maximumsoft-Co-LTD/maan-go/internal/mongo/aggegate.go:140.2,140.18 1 0
github.com/Maximumsoft-Co-LTD/maan-go/internal/mongo/aggegate.go:143.80,145.2 1 0
github.com/Maximumsoft-Co-LTD/maan-go/internal/mongo/aggegate.go:147.52,149.20 2 1
github.com/Maximumsoft-Co-LTD/maan-go/internal/mongo/aggegate.go:149.20,151.3 1 0
github.com/Maximumsoft-Co-LTD/maan-go/internal/mongo/aggegate.go:152.2,152.24 1 1
github.com/Maximumsoft-Co-LTD/maan-go/internal/mongo/aggegate.go:152.24,154.3 1 1
github.com/Maximumsoft-Co-LTD/maan-go/internal/mongo/aggegate.go:155.2,155.20 1 1
github.com/Maximumsoft-Co-LTD/maan-go/internal/mongo/aggegate.go:155.20,157.3 1 1
github.com/Maximumsoft-Co-LTD/maan-go/internal/mongo/aggegate.go:158.2,158.11 1 1
github.com/Maximumsoft-Co-LTD/maan-go/internal/mongo/aggegate.go:163.28,166.2 2 1
github.com/Maximumsoft-Co-LTD/maan-go/internal/mongo/aggegate.go:168.31,171.2 2 1
github.com/Maximumsoft-Co-LTD/maan-go/internal/mongo/client.go:24.37,24.55 1 0
github.com/Maximumsoft-Co-LTD/maan-go/internal/mongo/client.go:25.37,25.54 1 0
github.com/Maximumsoft-Co-LTD/maan-go/internal/mongo/client.go:26.37,26.52 1 0
github.com/Maximumsoft-Co-LTD/maan-go/internal/mongo/client.go:42.38,43.33 1 0
github.com/Maximumsoft-Co-LTD/maan-go/internal/mongo/client.go:43.33,45.3 1 0
github.com/Maximumsoft-Co-LTD/maan-go/internal/mongo/client.go:49.37,50.33 1 0
github.com/Maximumsoft-Co-LTD/maan-go/internal/mongo/client.go:50.33,52.3 1 0
github.com/Maximumsoft-Co-LTD/maan-go/internal/mongo/client.go:56.39,57.33 1 0
github.com/Maximumsoft-Co-LTD/maan-go/internal/mongo/client.go:57.33,59.3 1 0
github.com/Maximumsoft-Co-LTD/maan-go/internal/mongo/client.go:63.42,64.33 1 0
github.com/Maximumsoft-Co-LTD/maan-go/internal/mongo/client.go:64.33,66.3 1 0
github.com/Maximumsoft-Co-LTD/maan-go/internal/mongo/client.go:70.55,71.33 1 0
github.com/Maximumsoft-Co-LTD/maan-go/internal/mongo/client.go:71.33,73.3 1 0
github.com/Maximumsoft-Co-LTD/maan-go/internal/mongo/client.go:77.61,78.33 1 0
github.com/Maximumsoft-Co-LTD/maan-go/internal/mongo/client.go:78.33,80.3 1 0
github.com/Maximumsoft-Co-LTD/maan-go/internal/mongo/client.go:84.69,85.33 1 0
github.com/Maximumsoft-Co-LTD/maan-go/internal/mongo/client.go:85.33,86.21 1 0
github.com/Maximumsoft-Co-LTD/maan-go/internal/mongo/client.go:86.21,88.4 1 0
github.com/Maximumsoft-Co-LTD/maan-go/internal/mongo/client.go:93.69,97.27 2 0
github.com/Maximumsoft-Co-LTD/maan-go/internal/mongo/client.go:97.27,99.3 1 0
github.com/Maximumsoft-Co-LTD/maan-go/internal/mongo/client.go:101.2,101.24 1 0
github.com/Maximumsoft-Co-LTD/maan-go/internal/mongo/client.go:101.24,103.3 1 0
github.com/Maximumsoft-Co-LTD/maan-go/internal/mongo/client.go:104.2,104.22 1 0
github.com/Maximumsoft-Co-LTD/maan-go/internal/mongo/client.go:104.22,106.3 1 0
github.com/Maximumsoft-Co-LTD/maan-go/internal/mongo/client.go:108.2,109.19 2 0
github.com/Maximumsoft-Co-LTD/maan-go/internal/mongo/client.go:109.19,111.3 1 0
github.com/Maximumsoft-Co-LTD/maan-go/internal/mongo/client.go:113.2,114.20 2 0
github.com/Maximumsoft-Co-LTD/maan-go/internal/mongo/client.go:114.20,116.3 1 0
github.com/Maximumsoft-Co-LTD/maan-go/internal/mongo/client.go:118.2,122.16 4 0
github.com/Maximumsoft-Co-LTD/maan-go/internal/mongo/client.go:122.16,124.3 1 0
github.com/Maximumsoft-Co-LTD/maan-go/internal/mongo/client.go:126.2,127.29 2 0
github.com/Maximumsoft-Co-LTD/maan-go/internal/mongo/client.go:127.29,129.17 2 0
github.com/Maximumsoft-Co-LTD/maan-go/internal/mongo/client.go:129.17,132.4 2 0
github.com/Maximumsoft-Co-LTD/maan-go/internal/mongo/client.go:135.2,135.69 1 0
github.com/Maximumsoft-Co-LTD/maan-go/internal/mongo/client.go:145.112,147.41 2 0
github.com/Maximumsoft-Co-LTD/maan-go/internal/mongo/client.go:147.41,149.3 1 0
github.com/Maximumsoft-Co-LTD/maan-go/internal/mongo/client.go:150.2,150.14 1 0
github.com/Maximumsoft-Co-LTD/maan-go/internal/mongo/client.go:151.16,152.26 1 0
github.com/Maximumsoft-Co-LTD/maan-go/internal/mongo/client.go:152.26,154.4 1 0
github.com/Maximumsoft-Co-LTD/maan-go/internal/mongo/client.go:155.17,156.30 1 0
github.com/Maximumsoft-Co-LTD/maan-go/internal/mongo/client.go:156.30,158.4 1 0
github.com/Maximumsoft-Co-LTD/maan-go/internal/mongo/client.go:161.2,162.16 2 0
github.com/Maximumsoft-Co-LTD/maan-go/internal/mongo/client.go:162.16,164.3 1 0
github.com/Maximumsoft-Co-LTD/maan-go/internal/mongo/client.go:165.2,165.17 1 0
github.com/Maximumsoft-Co-LTD/maan-go/internal/mongo/client.go:168.32,170.20 2 0
github.com/Maximumsoft-Co-LTD/maan-go/internal/mongo/client.go:170.20,171.66 1 0
github.com/Maximumsoft-Co-LTD/maan-go/internal/mongo/client.go:171.66,173.4 1 0
github.com/Maximumsoft-Co-LTD/maan-go/internal/mongo/client.go:175.2,175.40 1 0
github.com/Maximumsoft-Co-LTD/maan-go/internal/mongo/client.go:175.40,176.65 1 0
github.com/Maximumsoft-Co-LTD/maan-go/internal/mongo/client.go:176.65,178.4 1 0
github.com/Maximumsoft-Co-LTD/maan-go/internal/mongo/client.go:180.2,180.17 1 0
github.com/Maximumsoft-Co-LTD/maan-go/internal/mongo/coll.go:24.90,35.2 4 1
github.com/Maximumsoft-Co-LTD/maan-go/internal/mongo/coll.go:43.64,47.2 3 1
github.com/Maximumsoft-Co-LTD/maan-go/internal/mongo/coll.go:49.50,50.14 1 1
github.com/Maximumsoft-Co-LTD/maan-go/internal/mongo/coll.go:50.14,52.3 1 0
github.com/Maximumsoft-Co-LTD/maan-go/internal/mongo/coll.go:53.2,53.28 1 1
github.com/Maximumsoft-Co-LTD/maan-go/internal/mongo/coll.go:56.56,57.16 1 1
github.com/Maximumsoft-Co-LTD/maan-go/internal/mongo/coll.go:57.16,59.3 1 0
github.com/Maximumsoft-Co-LTD/maan-go/internal/mongo/coll.go:60.2,60.12 1 1
github.com/Maximumsoft-Co-LTD/maan-go/internal/mongo/coll.go:70.74,72.2 1 1
github.com/Maximumsoft-Co-LTD/maan-go/internal/mongo/coll.go:80.60,81.18 1 1
github.com/Maximumsoft-Co-LTD/maan-go/internal/mongo/coll.go:81.18,83.3 1 1
github.com/Maximumsoft-Co-LTD/maan-go/internal/mongo/coll.go:84.2,84.60 1 1
github.com/Maximumsoft-Co-LTD/maan-go/internal/mongo/coll.go:93.60,94.19 1 1
github.com/Maximumsoft-Co-LTD/maan-go/internal/mongo/coll.go:94.19,96.3 1 0
github.com/Maximumsoft-Co-LTD/maan-go/internal/mongo/coll.go:97.2,97.59 1 1
github.com/Maximumsoft-Co-LTD/maan-go/internal/mongo/coll.go:105.46,106.16 1 1
github.com/Maximumsoft-Co-LTD/maan-go/internal/mongo/coll.go:106.16,108.3 1 1
github.com/Maximumsoft-Co-LTD/maan-go/internal/mongo/coll.go:109.2,111.12 3 1
github.com/Maximumsoft-Co-LTD/maan-go/internal/mongo/coll.go:119.53,120.36 1 1
github.com/Maximumsoft-Co-LTD/maan-go/internal/mongo/coll.go:120.36,122.3 1 1
github.com/Maximumsoft-Co-LTD/maan-go/internal/mongo/coll.go:123.2,125.23 3 1
github.com/Maximumsoft-Co-LTD/maan-go/internal/mongo/coll.go:125.23,128.3 2 1
github.com/Maximumsoft-Co-LTD/maan-go/internal/mongo/coll.go:129.2,130.12 2 1
github.com/Maximumsoft-Co-LTD/maan-go/internal/mongo/coll.go:138.60,142.2 3 1
github.com/Maximumsoft-Co-LTD/maan-go/internal/mongo/coll.go:149.64,153.2 3 1
github.com/Maximumsoft-Co-LTD/maan-go/internal/mongo/coll.go:160.59,163.2 2 0
github.com/Maximumsoft-Co-LTD/maan-go/internal/mongo/coll.go:170.63,173.2 2 0
github.com/Maximumsoft-Co-LTD/maan-go/internal/mongo/coll.go:180.47,183.2 2 1
github.com/Maximumsoft-Co-LTD/maan-go/internal/mongo/coll.go:192.56,194.2 1 1
github.com/Maximumsoft-Co-LTD/maan-go/internal/mongo/coll.go:201.78,203.27 2 0
github.com/Maximumsoft-Co-LTD/maan-go/internal/mongo/coll.go:203.27,205.3 1 0
github.com/Maximumsoft-Co-LTD/maan-go/internal/mongo/coll.go:206.2,206.41 1 0
github.com/Maximumsoft-Co-LTD/maan-go/internal/mongo/coll.go:214.56,216.2 1 0
github.com/Maximumsoft-Co-LTD/maan-go/internal/mongo/coll.go:223.39,225.2 1 1
github.com/Maximumsoft-Co-LTD/maan-go/internal/mongo/coll.go:233.54,235.2 1 1
github.com/Maximumsoft-Co-LTD/maan-go/internal/mongo/coll.go:246.74,248.16 2 1
github.com/Maximumsoft-Co-LTD/maan-go/internal/mongo/coll.go:248.16,250.3 1 1
github.com/Maximumsoft-Co-LTD/maan-go/internal/mongo/coll.go:251.2,253.84 2 0
github.com/Maximumsoft-Co-LTD/maan-go/internal/mongo/coll.go:253.84,255.3 1 0
github.com/Maximumsoft-Co-LTD/maan-go/internal/mongo/coll.go:256.2,256.12 1 0
github.com/Maximumsoft-Co-LTD/maan-go/internal/mongo/coll.go:259.56,260.19 1 0
github.com/Maximumsoft-Co-LTD/maan-go/internal/mongo/coll.go:260.19,262.3 1 0
github.com/Maximumsoft-Co-LTD/maan-go/internal/mongo/coll.go:263.2,263.59 1 0
github.com/Maximumsoft-Co-LTD/maan-go/internal/mongo/coll.go:266.41,268.29 2 1
github.com/Maximumsoft-Co-LTD/maan-go/internal/mongo/coll.go:268.29,270.3 1 1
github.com/Maximumsoft-Co-LTD/maan-go/internal/mongo/coll.go:271.2,271.18 1 1
github.com/Maximumsoft-Co-LTD/maan-go/internal/mongo/coll.go:274.35,276.22 2 1
github.com/Maximumsoft-Co-LTD/maan-go/internal/mongo/coll.go:276.22,277.36 1 1
github.com/Maximumsoft-Co-LTD/maan-go/internal/mongo/coll.go:277.36,279.4 1 0
github.com/Maximumsoft-Co-LTD/maan-go/internal/mongo/coll.go:280.3,280.22 1 1
github.com/Maximumsoft-Co-LTD/maan-go/internal/mongo/coll.go:282.2,282.41 1 1
github.com/Maximumsoft-Co-LTD/maan-go/internal/mongo/fake_client.go:20.53,21.37 1 1
github.com/Maximumsoft-Co-LTD/maan-go/internal/mongo/fake_client.go:21.37,22.17 1 1
github.com/Maximumsoft-Co-LTD/maan-go/internal/mongo/fake_client.go:22.17,24.4 1 1
github.com/Maximumsoft-Co-LTD/maan-go/internal/mongo/fake_client.go:30.47,31.37 1 1
github.com/Maximumsoft-Co-LTD/maan-go/internal/mongo/fake_client.go:31.37,32.16 1 1
github.com/Maximumsoft-Co-LTD/maan-go/internal/mongo/fake_client.go:32.16,34.4 1 1
github.com/Maximumsoft-Co-LTD/maan-go/internal/mongo/fake_client.go:40.62,45.27 2 1
github.com/Maximumsoft-Co-LTD/maan-go/internal/mongo/fake_client.go:45.27,47.3 1 1
github.com/Maximumsoft-Co-LTD/maan-go/internal/mongo/fake_client.go:48.2,48.38 1 1
github.com/Maximumsoft-Co-LTD/maan-go/internal/mongo/fake_client.go:48.38,50.3 1 1
github.com/Maximumsoft-Co-LTD/maan-go/internal/mongo/fake_client.go:51.2,52.16 2 1
github.com/Maximumsoft-Co-LTD/maan-go/internal/mongo/fake_client.go:52.16,54.3 1 0
github.com/Maximumsoft-Co-LTD/maan-go/internal/mongo/fake_client.go:55.2,56.16 2 1
github.com/Maximumsoft-Co-LTD/maan-go/internal/mongo/fake_client.go:56.16,58.3 1 0
github.com/Maximumsoft-Co-LTD/maan-go/internal/mongo/fake_client.go:59.2,61.8 1 1
github.com/Maximumsoft-Co-LTD/maan-go/internal/mongo/fake_client.go:70.41,70.59 1 1
github.com/Maximumsoft-Co-LTD/maan-go/internal/mongo/fake_client.go:71.41,71.58 1 1
github.com/Maximumsoft-Co-LTD/maan-go/internal/mongo/fake_client.go:72.41,72.56 1 1
github.com/Maximumsoft-Co-LTD/maan-go/internal/mongo/fake_client.go:73.36,75.19 2 1
github.com/Maximumsoft-Co-LTD/maan-go/internal/mongo/fake_client.go:75.19,77.3 1 1
github.com/Maximumsoft-Co-LTD/maan-go/internal/mongo/fake_client.go:78.2,78.20 1 1
github.com/Maximumsoft-Co-LTD/maan-go/internal/mongo/fake_client.go:78.20,80.3 1 1
github.com/Maximumsoft-Co-LTD/maan-go/internal/mongo/fake_client.go:81.2,81.12 1 1
github.com/Maximumsoft-Co-LTD/maan-go/internal/mongo/model-defaults.go:15.34,16.16 1 1
github.com/Maximumsoft-Co-LTD/maan-go/internal/mongo/model-defaults.go:16.16,18.3 1 1
github.com/Maximumsoft-Co-LTD/maan-go/internal/mongo/model-defaults.go:19.2,19.36 1 1
github.com/Maximumsoft-Co-LTD/maan-go/internal/mongo/model-defaults.go:19.36,23.3 3 1
github.com/Maximumsoft-Co-LTD/maan-go/internal/mongo/more-coll.go:25.142,27.2 1 1
github.com/Maximumsoft-Co-LTD/maan-go/internal/mongo/more-coll.go:29.64,34.2 4 1
github.com/Maximumsoft-Co-LTD/maan-go/internal/mongo/more-coll.go:40.83,45.2 4 1
github.com/Maximumsoft-Co-LTD/maan-go/internal/mongo/more-coll.go:50.76,52.27 2 1
github.com/Maximumsoft-Co-LTD/maan-go/internal/mongo/more-coll.go:52.27,54.3 1 1
github.com/Maximumsoft-Co-LTD/maan-go/internal/mongo/more-coll.go:55.2,55.13 1 1
github.com/Maximumsoft-Co-LTD/maan-go/internal/mongo/more-coll.go:67.56,69.2 1 1
github.com/Maximumsoft-Co-LTD/maan-go/internal/mongo/more-coll.go:80.58,82.16 2 1
github.com/Maximumsoft-Co-LTD/maan-go/internal/mongo/more-coll.go:82.16,84.3 1 1
github.com/Maximumsoft-Co-LTD/maan-go/internal/mongo/more-coll.go:85.2,86.32 2 0
github.com/Maximumsoft-Co-LTD/maan-go/internal/mongo/more-coll.go:97.53,100.2 2 1
github.com/Maximumsoft-Co-LTD/maan-go/internal/mongo/more-coll.go:110.60,113.2 2 1
github.com/Maximumsoft-Co-LTD/maan-go/internal/mongo/more-coll.go:123.48,126.2 2 1
github.com/Maximumsoft-Co-LTD/maan-go/internal/mongo/more-coll.go:136.56,140.2 3 1
github.com/Maximumsoft-Co-LTD/maan-go/internal/mongo/more-coll.go:150.56,153.2 2 1
github.com/Maximumsoft-Co-LTD/maan-go/internal/mongo/more-coll.go:159.49,161.2 1 1
github.com/Maximumsoft-Co-LTD/maan-go/internal/mongo/more-coll.go:163.76,166.29 3 1
github.com/Maximumsoft-Co-LTD/maan-go/internal/mongo/more-coll.go:166.29,168.3 1 0
github.com/Maximumsoft-Co-LTD/maan-go/internal/mongo/more-coll.go:170.2,170.36 1 1
github.com/Maximumsoft-Co-LTD/maan-go/internal/mongo/more-coll.go:170.36,172.30 2 1
github.com/Maximumsoft-Co-LTD/maan-go/internal/mongo/more-coll.go:172.30,173.55 1 1
github.com/Maximumsoft-Co-LTD/maan-go/internal/mongo/more-coll.go:173.55,175.42 2 1
github.com/Maximumsoft-Co-LTD/maan-go/internal/mongo/more-coll.go:175.42,177.6 1 1
github.com/Maximumsoft-Co-LTD/maan-go/internal/mongo/more-coll.go:179.4,179.34 1 0
github.com/Maximumsoft-Co-LTD/maan-go/internal/mongo/more-coll.go:183.2,183.31 1 1
github.com/Maximumsoft-Co-LTD/maan-go/internal/mongo/sub-qry.go:28.103,29.19 1 1
github.com/Maximumsoft-Co-LTD/maan-go/internal/mongo/sub-qry.go:29.19,31.3 1 0
github.com/Maximumsoft-Co-LTD/maan-go/internal/mongo/sub-qry.go:32.2,37.3 1 1
github.com/Maximumsoft-Co-LTD/maan-go/internal/mongo/sub-qry.go:52.112,56.2 1 1
github.com/Maximumsoft-Co-LTD/maan-go/internal/mongo/sub-qry.go:58.69,58.93 2 1
github.com/Maximumsoft-Co-LTD/maan-go/internal/mongo/sub-qry.go:59.69,59.93 2 1
github.com/Maximumsoft-Co-LTD/maan-go/internal/mongo/sub-qry.go:60.69,60.93 2 1
github.com/Maximumsoft-Co-LTD/maan-go/internal/mongo/sub-qry.go:61.69,61.94 2 0
github.com/Maximumsoft-Co-LTD/maan-go/internal/mongo/sub-qry.go:62.53,64.19 2 1
github.com/Maximumsoft-Co-LTD/maan-go/internal/mongo/sub-qry.go:64.19,66.3 1 1
github.com/Maximumsoft-Co-LTD/maan-go/internal/mongo/sub-qry.go:67.2,67.19 1 1
github.com/Maximumsoft-Co-LTD/maan-go/internal/mongo/sub-qry.go:67.19,69.3 1 1
github.com/Maximumsoft-Co-LTD/maan-go/internal/mongo/sub-qry.go:70.2,70.19 1 1
github.com/Maximumsoft-Co-LTD/maan-go/internal/mongo/sub-qry.go:70.19,72.3 1 1
github.com/Maximumsoft-Co-LTD/maan-go/internal/mongo/sub-qry.go:73.2,73.20 1 1
github.com/Maximumsoft-Co-LTD/maan-go/internal/mongo/sub-qry.go:73.20,75.3 1 0
github.com/Maximumsoft-Co-LTD/maan-go/internal/mongo/sub-qry.go:76.2,76.11 1 1
github.com/Maximumsoft-Co-LTD/maan-go/internal/mongo/sub-qry.go:78.42,80.2 1 1
github.com/Maximumsoft-Co-LTD/maan-go/internal/mongo/sub-qry.go:96.109,100.2 1 1
github.com/Maximumsoft-Co-LTD/maan-go/internal/mongo/sub-qry.go:102.63,102.87 2 1
github.com/Maximumsoft-Co-LTD/maan-go/internal/mongo/sub-qry.go:103.63,103.87 2 1
github.com/Maximumsoft-Co-LTD/maan-go/internal/mongo/sub-qry.go:104.63,104.87 2 1
github.com/Maximumsoft-Co-LTD/maan-go/internal/mongo/sub-qry.go:105.63,105.88 2 1
github.com/Maximumsoft-Co-LTD/maan-go/internal/mongo/sub-qry.go:106.63,106.87 2 1
github.com/Maximumsoft-Co-LTD/maan-go/internal/mongo/sub-qry.go:107.63,107.89 2 1
github.com/Maximumsoft-Co-LTD/maan-go/internal/mongo/sub-qry.go:108.63,108.89 2 0
github.com/Maximumsoft-Co-LTD/maan-go/internal/mongo/sub-qry.go:109.48,111.17 2 1
github.com/Maximumsoft-Co-LTD/maan-go/internal/mongo/sub-qry.go:111.17,113.3 1 1
github.com/Maximumsoft-Co-LTD/maan-go/internal/mongo/sub-qry.go:114.2,114.16 1 1
github.com/Maximumsoft-Co-LTD/maan-go/internal/mongo/sub-qry.go:114.16,116.3 1 1
github.com/Maximumsoft-Co-LTD/maan-go/internal/mongo/sub-qry.go:117.2,117.19 1 1
github.com/Maximumsoft-Co-LTD/maan-go/internal/mongo/sub-qry.go:117.19,119.3 1 1
github.com/Maximumsoft-Co-LTD/maan-go/internal/mongo/sub-qry.go:120.2,120.19 1 1
github.com/Maximumsoft-Co-LTD/maan-go/internal/mongo/sub-qry.go:120.19,122.3 1 1
github.com/Maximumsoft-Co-LTD/maan-go/internal/mongo/sub-qry.go:123.2,123.19 1 1
github.com/Maximumsoft-Co-LTD/maan-go/internal/mongo/sub-qry.go:123.19,125.3 1 1
github.com/Maximumsoft-Co-LTD/maan-go/internal/mongo/sub-qry.go:126.2,126.20 1 1
github.com/Maximumsoft-Co-LTD/maan-go/internal/mongo/sub-qry.go:126.20,128.3 1 1
github.com/Maximumsoft-Co-LTD/maan-go/internal/mongo/sub-qry.go:129.2,129.20 1 1
github.com/Maximumsoft-Co-LTD/maan-go/internal/mongo/sub-qry.go:129.20,131.3 1 0
github.com/Maximumsoft-Co-LTD/maan-go/internal/mongo/sub-qry.go:132.2,132.11 1 1
github.com/Maximumsoft-Co-LTD/maan-go/internal/mongo/sub-qry.go:134.38,137.16 3 1
github.com/Maximumsoft-Co-LTD/maan-go/internal/mongo/sub-qry.go:137.16,139.3 1 1
github.com/Maximumsoft-Co-LTD/maan-go/internal/mongo/sub-qry.go:140.2,141.22 2 0
github.com/Maximumsoft-Co-LTD/maan-go/internal/mongo/sub-qry.go:141.22,143.40 2 0
github.com/Maximumsoft-Co-LTD/maan-go/internal/mongo/sub-qry.go:143.40,145.4 1 0
github.com/Maximumsoft-Co-LTD/maan-go/internal/mongo/sub-qry.go:146.3,146.23 1 0
github.com/Maximumsoft-Co-LTD/maan-go/internal/mongo/sub-qry.go:148.2,148.34 1 0
github.com/Maximumsoft-Co-LTD/maan-go/internal/mongo/sub-qry.go:148.34,150.3 1 0
github.com/Maximumsoft-Co-LTD/maan-go/internal/mongo/sub-qry.go:151.2,151.17 1 0
github.com/Maximumsoft-Co-LTD/maan-go/internal/mongo/sub-qry.go:154.42,156.16 2 1
github.com/Maximumsoft-Co-LTD/maan-go/internal/mongo/sub-qry.go:156.16,158.3 1 1
github.com/Maximumsoft-Co-LTD/maan-go/internal/mongo/sub-qry.go:159.2,160.12 2 0
github.com/Maximumsoft-Co-LTD/maan-go/internal/mongo/sub-qry.go:163.75,165.16 2 1
github.com/Maximumsoft-Co-LTD/maan-go/internal/mongo/sub-qry.go:165.16,167.3 1 1
github.com/Maximumsoft-Co-LTD/maan-go/internal/mongo/sub-qry.go:168.2,169.22 2 0
github.com/Maximumsoft-Co-LTD/maan-go/internal/mongo/sub-qry.go:169.22,171.40 2 0
github.com/Maximumsoft-Co-LTD/maan-go/internal/mongo/sub-qry.go:171.40,173.4 1 0
github.com/Maximumsoft-Co-LTD/maan-go/internal/mongo/sub-qry.go:174.3,174.38 1 0
github.com/Maximumsoft-Co-LTD/maan-go/internal/mongo/sub-qry.go:174.38,176.4 1 0
github.com/Maximumsoft-Co-LTD/maan-go/internal/mongo/sub-qry.go:178.2,178.18 1 0
github.com/Maximumsoft-Co-LTD/maan-go/internal/mongo/sub-qry.go:181.73,181.96 1 1
github.com/Maximumsoft-Co-LTD/maan-go/internal/mongo/sub-qry.go:182.73,182.122 1 1
github.com/Maximumsoft-Co-LTD/maan-go/internal/mongo/sub-qry.go:188.50,195.19 5 1
github.com/Maximumsoft-Co-LTD/maan-go/internal/mongo/sub-qry.go:195.19,196.32 1 1
github.com/Maximumsoft-Co-LTD/maan-go/internal/mongo/sub-qry.go:196.32,198.9 2 1
github.com/Maximumsoft-Co-LTD/maan-go/internal/mongo/sub-qry.go:201.2,201.12 1 1
github.com/Maximumsoft-Co-LTD/maan-go/internal/mongo/sub-qry.go:201.12,203.3 1 1
github.com/Maximumsoft-Co-LTD/maan-go/internal/mongo/sub-qry.go:205.2,209.10 4 1
github.com/Maximumsoft-Co-LTD/maan-go/internal/mongo/sub-qry.go:212.28,213.23 1 1
github.com/Maximumsoft-Co-LTD/maan-go/internal/mongo/sub-qry.go:214.11,215.18 1 1
github.com/Maximumsoft-Co-LTD/maan-go/internal/mongo/sub-qry.go:216.14,217.11 1 1
github.com/Maximumsoft-Co-LTD/maan-go/internal/mongo/sub-qry.go:218.22,219.19 1 0
github.com/Maximumsoft-Co-LTD/maan-go/internal/mongo/sub-qry.go:220.14,221.17 1 0
github.com/Maximumsoft-Co-LTD/maan-go/internal/mongo/sub-qry.go:222.10,224.91 2 0
github.com/Maximumsoft-Co-LTD/maan-go/internal/mongo/sub-qry.go:224.91,227.20 3 0
github.com/Maximumsoft-Co-LTD/maan-go/internal/mongo/sub-qry.go:227.20,229.5 1 0
github.com/Maximumsoft-Co-LTD/maan-go/internal/mongo/sub-qry.go:230.4,230.14 1 0
github.com/Maximumsoft-Co-LTD/maan-go/internal/mongo/sub-qry.go:232.3,232.18 1 0
github.com/Maximumsoft-Co-LTD/maan-go/internal/mongo/sub-qry.go:236.99,237.17 1 0
github.com/Maximumsoft-Co-LTD/maan-go/internal/mongo/sub-qry.go:237.17,239.3 1 0
github.com/Maximumsoft-Co-LTD/maan-go/internal/mongo/sub-qry.go:240.2,240.27 1 0
github.com/Maximumsoft-Co-LTD/maan-go/internal/mongo/sub-qry.go:240.27,241.17 1 0
github.com/Maximumsoft-Co-LTD/maan-go/internal/mongo/sub-qry.go:241.17,242.12 1 0
github.com/Maximumsoft-Co-LTD/maan-go/internal/mongo/sub-qry.go:245.3,245.30 1 0
github.com/Maximumsoft-Co-LTD/maan-go/internal/mongo/sub-qry.go:245.30,247.4 1 0
github.com/Maximumsoft-Co-LTD/maan-go/internal/mongo/sub-qry.go:248.3,248.37 1 0
github.com/Maximumsoft-Co-LTD/maan-go/internal/mongo/sub-qry.go:248.37,250.4 1 0
github.com/Maximumsoft-Co-LTD/maan-go/internal/mongo/sub-qry.go:251.3,251.27 1 0
github.com/Maximumsoft-Co-LTD/maan-go/internal/mongo/sub-qry.go:251.27,253.4 1 0
github.com/Maximumsoft-Co-LTD/maan-go/internal/mongo/sub-qry.go:254.3,254.27 1 0
github.com/Maximumsoft-Co-LTD/maan-go/internal/mongo/sub-qry.go:254.27,256.4 1 0
github.com/Maximumsoft-Co-LTD/maan-go/internal/mongo/sub-qry.go:257.3,257.25 1 0
github.com/Maximumsoft-Co-LTD/maan-go/internal/mongo/sub-qry.go:257.25,259.4 1 0
github.com/Maximumsoft-Co-LTD/maan-go/internal/mongo/sub-qry.go:260.3,260.28 1 0
github.com/Maximumsoft-Co-LTD/maan-go/internal/mongo/sub-qry.go:260.28,262.4 1 0
github.com/Maximumsoft-Co-LTD/maan-go/internal/mongo/sub-qry.go:263.3,263.21 1 0
github.com/Maximumsoft-Co-LTD/maan-go/internal/mongo/sub-qry.go:263.21,265.4 1 0
github.com/Maximumsoft-Co-LTD/maan-go/internal/mongo/sub-qry.go:266.3,266.21 1 0
github.com/Maximumsoft-Co-LTD/maan-go/internal/mongo/sub-qry.go:266.21,268.4 1 0
github.com/Maximumsoft-Co-LTD/maan-go/internal/mongo/sub-qry.go:269.3,269.30 1 0
github.com/Maximumsoft-Co-LTD/maan-go/internal/mongo/sub-qry.go:269.30,271.4 1 0
github.com/Maximumsoft-Co-LTD/maan-go/internal/mongo/sub-qry.go:272.3,272.25 1 0
github.com/Maximumsoft-Co-LTD/maan-go/internal/mongo/sub-qry.go:272.25,274.4 1 0
github.com/Maximumsoft-Co-LTD/maan-go/internal/mongo/sub-qry.go:275.3,275.21 1 0
github.com/Maximumsoft-Co-LTD/maan-go/internal/mongo/sub-qry.go:275.21,277.4 1 0
github.com/Maximumsoft-Co-LTD/maan-go/internal/mongo/sub-qry.go:278.3,278.33 1 0
github.com/Maximumsoft-Co-LTD/maan-go/internal/mongo/sub-qry.go:278.33,280.4 1 0
github.com/Maximumsoft-Co-LTD/maan-go/internal/mongo/sub-qry.go:281.3,281.27 1 0
github.com/Maximumsoft-Co-LTD/maan-go/internal/mongo/sub-qry.go:281.27,283.4 1 0
github.com/Maximumsoft-Co-LTD/maan-go/internal/mongo/sub-qry.go:284.3,284.30 1 0
github.com/Maximumsoft-Co-LTD/maan-go/internal/mongo/sub-qry.go:284.30,286.4 1 0
github.com/Maximumsoft-Co-LTD/maan-go/internal/mongo/sub-qry.go:288.2,288.11 1 0
github.com/Maximumsoft-Co-LTD/maan-go/internal/mongo/sub-qry.go:291.111,292.17 1 0
github.com/Maximumsoft-Co-LTD/maan-go/internal/mongo/sub-qry.go:292.17,294.3 1 0
github.com/Maximumsoft-Co-LTD/maan-go/internal/mongo/sub-qry.go:295.2,295.27 1 0
github.com/Maximumsoft-Co-LTD/maan-go/internal/mongo/sub-qry.go:295.27,296.17 1 0
github.com/Maximumsoft-Co-LTD/maan-go/internal/mongo/sub-qry.go:296.17,297.12 1 0
github.com/Maximumsoft-Co-LTD/maan-go/internal/mongo/sub-qry.go:299.3,299.37 1 0
github.com/Maximumsoft-Co-LTD/maan-go/internal/mongo/sub-qry.go:299.37,301.4 1 0
github.com/Maximumsoft-Co-LTD/maan-go/internal/mongo/sub-qry.go:302.3,302.27 1 0
github.com/Maximumsoft-Co-LTD/maan-go/internal/mongo/sub-qry.go:302.27,304.4 1 0
github.com/Maximumsoft-Co-LTD/maan-go/internal/mongo/sub-qry.go:305.3,305.25 1 0
github.com/Maximumsoft-Co-LTD/maan-go/internal/mongo/sub-qry.go:305.25,307.4 1 0
github.com/Maximumsoft-Co-LTD/maan-go/internal/mongo/sub-qry.go:308.3,308.21 1 0
github.com/Maximumsoft-Co-LTD/maan-go/internal/mongo/sub-qry.go:308.21,310.4 1 0
github.com/Maximumsoft-Co-LTD/maan-go/internal/mongo/sub-qry.go:311.3,311.25 1 0
github.com/Maximumsoft-Co-LTD/maan-go/internal/mongo/sub-qry.go:311.25,313.4 1 0
github.com/Maximumsoft-Co-LTD/maan-go/internal/mongo/sub-qry.go:314.3,314.21 1 0
github.com/Maximumsoft-Co-LTD/maan-go/internal/mongo/sub-qry.go:314.21,316.4 1 0
github.com/Maximumsoft-Co-LTD/maan-go/internal/mongo/sub-qry.go:317.3,317.27 1 0
github.com/Maximumsoft-Co-LTD/maan-go/internal/mongo/sub-qry.go:317.27,319.4 1 0
github.com/Maximumsoft-Co-LTD/maan-go/internal/mongo/sub-qry.go:320.3,320.30 1 0
github.com/Maximumsoft-Co-LTD/maan-go/internal/mongo/sub-qry.go:320.30,322.4 1 0
github.com/Maximumsoft-Co-LTD/maan-go/internal/mongo/sub-qry.go:325.2,325.11 1 0
github.com/Maximumsoft-Co-LTD/maan-go/internal/mongo/transaction-session.go:24.83,26.16 2 1
github.com/Maximumsoft-Co-LTD/maan-go/internal/mongo/transaction-session.go:26.16,28.3 1 1
github.com/Maximumsoft-Co-LTD/maan-go/internal/mongo/transaction-session.go:29.2,29.45 1 0
github.com/Maximumsoft-Co-LTD/maan-go/internal/mongo/transaction-session.go:29.45,32.3 2 0
github.com/Maximumsoft-Co-LTD/maan-go/internal/mongo/transaction-session.go:33.2,36.8 1 0
github.com/Maximumsoft-Co-LTD/maan-go/internal/mongo/transaction-session.go:45.52,45.75 1 0
github.com/Maximumsoft-Co-LTD/maan-go/internal/mongo/transaction-session.go:54.49,55.15 1 0
github.com/Maximumsoft-Co-LTD/maan-go/internal/mongo/transaction-session.go:55.15,56.31 1 0
github.com/Maximumsoft-Co-LTD/maan-go/internal/mongo/transaction-session.go:56.31,57.24 1 0
github.com/Maximumsoft-Co-LTD/maan-go/internal/mongo/transaction-session.go:57.24,60.5 2 0
github.com/Maximumsoft-Co-LTD/maan-go/internal/mongo/transaction-session.go:61.4,62.12 2 0
github.com/Maximumsoft-Co-LTD/maan-go/internal/mongo/transaction-session.go:66.2,66.19 1 0
github.com/Maximumsoft-Co-LTD/maan-go/internal/mongo/transaction-session.go:66.19,67.23 1 0
github.com/Maximumsoft-Co-LTD/maan-go/internal/mongo/transaction-session.go:67.23,69.4 1 0
github.com/Maximumsoft-Co-LTD/maan-go/internal/mongo/transaction-session.go:70.3,70.34 1 0
github.com/Maximumsoft-Co-LTD/maan-go/internal/mongo/transaction-session.go:70.34,71.68 1 0
github.com/Maximumsoft-Co-LTD/maan-go/internal/mongo/transaction-session.go:71.68,73.21 2 0
github.com/Maximumsoft-Co-LTD/maan-go/internal/mongo/transaction-session.go:73.21,75.6 1 0
github.com/Maximumsoft-Co-LTD/maan-go/internal/mongo/transaction-session.go:77.9,79.4 1 0
github.com/Maximumsoft-Co-LTD/maan-go/internal/mongo/transaction-session.go:80.3,81.49 2 0
